<?xml version="1.0" encoding="UTF-8"?>
<testsuite name="synthesizer.TestGuitarString" tests="3" skipped="0" failures="0" errors="0" timestamp="2017-06-08T04:41:51" hostname="Fontaine-PC" time="1.106">
  <properties/>
  <testcase name="testTic" classname="synthesizer.TestGuitarString" time="0.003"/>
  <testcase name="testPluck" classname="synthesizer.TestGuitarString" time="0.003"/>
  <testcase name="testPluckTheAString" classname="synthesizer.TestGuitarString" time="1.1"/>
  <system-out><![CDATA[]]></system-out>
  <system-err><![CDATA[]]></system-err>
</testsuite>
