<?xml version="1.0" encoding="UTF-8"?>
<testsuite name="TestArrayRingBuffer" tests="4" skipped="0" failures="0" errors="0" timestamp="2017-06-08T04:41:52" hostname="Fontaine-PC" time="0.005">
  <properties/>
  <testcase name="isEmptyTest" classname="TestArrayRingBuffer" time="0.001"/>
  <testcase name="peekTest" classname="TestArrayRingBuffer" time="0.001"/>
  <testcase name="dequeueTest" classname="TestArrayRingBuffer" time="0.0"/>
  <testcase name="enqueueTest" classname="TestArrayRingBuffer" time="0.0"/>
  <system-out><![CDATA[]]></system-out>
  <system-err><![CDATA[]]></system-err>
</testsuite>
