<?xml version="1.0" encoding="UTF-8"?>
<testsuite name="TestGuitarString" tests="2" skipped="0" failures="0" errors="0" timestamp="2017-06-04T06:22:35" hostname="Fontaine-PC" time="0.003">
  <properties/>
  <testcase name="replaceTest" classname="TestGuitarString" time="0.003"/>
  <testcase name="PosIteratorTest" classname="TestGuitarString" time="0.0"/>
  <system-out><![CDATA[]]></system-out>
  <system-err><![CDATA[]]></system-err>
</testsuite>
